<?xml version="1.0" encoding="UTF-8"?>
<!-- Generated by org.testng.reporters.JUnitXMLReporter -->
<testsuite hostname="DESKTOP-3HN3UQ3" failures="0" tests="1" name="Test1" time="1.202" errors="0" timestamp="9 Jun 2022 15:07:03 GMT">
  <testcase classname="demo.TestNGMultiBrowserDemo" name="@BeforeTest setup" time="0.0">
    <failure type="org.openqa.selenium.SessionNotCreatedException" message="session not created: This version of ChromeDriver only supports Chrome version 100
Current browser version is 102.0.5005.63 with binary path C:\Program Files\Google\Chrome\Application\chrome.exe
Build info: version: &amp;apos;3.141.59&amp;apos;, revision: &amp;apos;e82be7d358&amp;apos;, time: &amp;apos;2018-11-14T08:17:03&amp;apos;
System info: host: &amp;apos;DESKTOP-3HN3UQ3&amp;apos;, ip: &amp;apos;192.168.1.14&amp;apos;, os.name: &amp;apos;Windows 10&amp;apos;, os.arch: &amp;apos;amd64&amp;apos;, os.version: &amp;apos;10.0&amp;apos;, java.version: &amp;apos;15.0.2&amp;apos;
Driver info: driver.version: ChromeDriver
remote stacktrace: Backtrace:
	Ordinal0 [0x00CF7413+2389011]
	Ordinal0 [0x00C89F61+1941345]
	Ordinal0 [0x00B7C658+837208]
	Ordinal0 [0x00B9C773+968563]
	Ordinal0 [0x00B9837A+951162]
	Ordinal0 [0x00B95C51+941137]
	Ordinal0 [0x00BC8C80+1150080]
	Ordinal0 [0x00BC88DA+1149146]
	Ordinal0 [0x00BC3F66+1130342]
	Ordinal0 [0x00B9E546+976198]
	Ordinal0 [0x00B9F456+980054]
	GetHandleVerifier [0x00EA9632+1727522]
	GetHandleVerifier [0x00F5BA4D+2457661]
	GetHandleVerifier [0x00D8EB81+569713]
	GetHandleVerifier [0x00D8DD76+566118]
	Ordinal0 [0x00C90B2B+1968939]
	Ordinal0 [0x00C95988+1989000]
	Ordinal0 [0x00C95A75+1989237]
	Ordinal0 [0x00C9ECB1+2026673]
	BaseThreadInitThunk [0x76336739+25]
	RtlGetFullPathName_UEx [0x77158FEF+1215]
	RtlGetFullPathName_UEx [0x77158FBD+1165]
">
      <![CDATA[org.openqa.selenium.SessionNotCreatedException: session not created: This version of ChromeDriver only supports Chrome version 100
Current browser version is 102.0.5005.63 with binary path C:\Program Files\Google\Chrome\Application\chrome.exe
Build info: version: '3.141.59', revision: 'e82be7d358', time: '2018-11-14T08:17:03'
System info: host: 'DESKTOP-3HN3UQ3', ip: '192.168.1.14', os.name: 'Windows 10', os.arch: 'amd64', os.version: '10.0', java.version: '15.0.2'
Driver info: driver.version: ChromeDriver
remote stacktrace: Backtrace:
	Ordinal0 [0x00CF7413+2389011]
	Ordinal0 [0x00C89F61+1941345]
	Ordinal0 [0x00B7C658+837208]
	Ordinal0 [0x00B9C773+968563]
	Ordinal0 [0x00B9837A+951162]
	Ordinal0 [0x00B95C51+941137]
	Ordinal0 [0x00BC8C80+1150080]
	Ordinal0 [0x00BC88DA+1149146]
	Ordinal0 [0x00BC3F66+1130342]
	Ordinal0 [0x00B9E546+976198]
	Ordinal0 [0x00B9F456+980054]
	GetHandleVerifier [0x00EA9632+1727522]
	GetHandleVerifier [0x00F5BA4D+2457661]
	GetHandleVerifier [0x00D8EB81+569713]
	GetHandleVerifier [0x00D8DD76+566118]
	Ordinal0 [0x00C90B2B+1968939]
	Ordinal0 [0x00C95988+1989000]
	Ordinal0 [0x00C95A75+1989237]
	Ordinal0 [0x00C9ECB1+2026673]
	BaseThreadInitThunk [0x76336739+25]
	RtlGetFullPathName_UEx [0x77158FEF+1215]
	RtlGetFullPathName_UEx [0x77158FBD+1165]

	at org.openqa.selenium.remote.W3CHandshakeResponse.lambda$errorHandler$0(W3CHandshakeResponse.java:62)
	at org.openqa.selenium.remote.HandshakeResponse.lambda$getResponseFunction$0(HandshakeResponse.java:30)
	at org.openqa.selenium.remote.ProtocolHandshake.lambda$createSession$0(ProtocolHandshake.java:126)
	at java.base/java.util.stream.ReferencePipeline$3$1.accept(ReferencePipeline.java:195)
	at java.base/java.util.Spliterators$ArraySpliterator.tryAdvance(Spliterators.java:958)
	at java.base/java.util.stream.ReferencePipeline.forEachWithCancel(ReferencePipeline.java:127)
	at java.base/java.util.stream.AbstractPipeline.copyIntoWithCancel(AbstractPipeline.java:502)
	at java.base/java.util.stream.AbstractPipeline.copyInto(AbstractPipeline.java:488)
	at java.base/java.util.stream.AbstractPipeline.wrapAndCopyInto(AbstractPipeline.java:474)
	at java.base/java.util.stream.FindOps$FindOp.evaluateSequential(FindOps.java:150)
	at java.base/java.util.stream.AbstractPipeline.evaluate(AbstractPipeline.java:234)
	at java.base/java.util.stream.ReferencePipeline.findFirst(ReferencePipeline.java:543)
	at org.openqa.selenium.remote.ProtocolHandshake.createSession(ProtocolHandshake.java:128)
	at org.openqa.selenium.remote.ProtocolHandshake.createSession(ProtocolHandshake.java:74)
	at org.openqa.selenium.remote.HttpCommandExecutor.execute(HttpCommandExecutor.java:136)
	at org.openqa.selenium.remote.service.DriverCommandExecutor.execute(DriverCommandExecutor.java:83)
	at org.openqa.selenium.remote.RemoteWebDriver.execute(RemoteWebDriver.java:552)
	at org.openqa.selenium.remote.RemoteWebDriver.startSession(RemoteWebDriver.java:213)
	at org.openqa.selenium.remote.RemoteWebDriver.<init>(RemoteWebDriver.java:131)
	at org.openqa.selenium.chrome.ChromeDriver.<init>(ChromeDriver.java:181)
	at org.openqa.selenium.chrome.ChromeDriver.<init>(ChromeDriver.java:168)
	at org.openqa.selenium.chrome.ChromeDriver.<init>(ChromeDriver.java:123)
	at demo.TestNGMultiBrowserDemo.setup(TestNGMultiBrowserDemo.java:25)
... Removed 27 stack frames]]>
    </failure>
  </testcase> <!-- @BeforeTest setup -->
  <testcase classname="demo.TestNGMultiBrowserDemo" name="@AfterTest teardown" time="0.0">
    <skipped/>
  </testcase> <!-- @AfterTest teardown -->
  <testcase classname="demo.TestNGMultiBrowserDemo" name="test1" time="0.001">
    <skipped/>
  </testcase> <!-- test1 -->
</testsuite> <!-- Test1 -->
