<?xml version="1.0" encoding="UTF-8"?>
<!-- Generated by org.testng.reporters.JUnitXMLReporter -->
<testsuite hostname="DESKTOP-3HN3UQ3" failures="1" tests="6" name="Test" time="1.266" errors="0" timestamp="7 Jun 2022 14:33:20 GMT">
  <testcase classname="listeners.TestNGListenerDemo" name="test1" time="0.005"/>
  <testcase classname="listeners.TestNGListenerDemo" name="test2" time="1.245">
    <failure type="org.openqa.selenium.SessionNotCreatedException" message="session not created: This version of ChromeDriver only supports Chrome version 100
Current browser version is 102.0.5005.63 with binary path C:\Program Files\Google\Chrome\Application\chrome.exe
Build info: version: &amp;apos;3.141.59&amp;apos;, revision: &amp;apos;e82be7d358&amp;apos;, time: &amp;apos;2018-11-14T08:17:03&amp;apos;
System info: host: &amp;apos;DESKTOP-3HN3UQ3&amp;apos;, ip: &amp;apos;192.168.1.14&amp;apos;, os.name: &amp;apos;Windows 10&amp;apos;, os.arch: &amp;apos;amd64&amp;apos;, os.version: &amp;apos;10.0&amp;apos;, java.version: &amp;apos;15.0.2&amp;apos;
Driver info: driver.version: ChromeDriver
remote stacktrace: Backtrace:
	Ordinal0 [0x007B7413+2389011]
	Ordinal0 [0x00749F61+1941345]
	Ordinal0 [0x0063C658+837208]
	Ordinal0 [0x0065C773+968563]
	Ordinal0 [0x0065837A+951162]
	Ordinal0 [0x00655C51+941137]
	Ordinal0 [0x00688C80+1150080]
	Ordinal0 [0x006888DA+1149146]
	Ordinal0 [0x00683F66+1130342]
	Ordinal0 [0x0065E546+976198]
	Ordinal0 [0x0065F456+980054]
	GetHandleVerifier [0x00969632+1727522]
	GetHandleVerifier [0x00A1BA4D+2457661]
	GetHandleVerifier [0x0084EB81+569713]
	GetHandleVerifier [0x0084DD76+566118]
	Ordinal0 [0x00750B2B+1968939]
	Ordinal0 [0x00755988+1989000]
	Ordinal0 [0x00755A75+1989237]
	Ordinal0 [0x0075ECB1+2026673]
	BaseThreadInitThunk [0x753C6739+25]
	RtlGetFullPathName_UEx [0x77268FEF+1215]
	RtlGetFullPathName_UEx [0x77268FBD+1165]
">
      <![CDATA[org.openqa.selenium.SessionNotCreatedException: session not created: This version of ChromeDriver only supports Chrome version 100
Current browser version is 102.0.5005.63 with binary path C:\Program Files\Google\Chrome\Application\chrome.exe
Build info: version: '3.141.59', revision: 'e82be7d358', time: '2018-11-14T08:17:03'
System info: host: 'DESKTOP-3HN3UQ3', ip: '192.168.1.14', os.name: 'Windows 10', os.arch: 'amd64', os.version: '10.0', java.version: '15.0.2'
Driver info: driver.version: ChromeDriver
remote stacktrace: Backtrace:
	Ordinal0 [0x007B7413+2389011]
	Ordinal0 [0x00749F61+1941345]
	Ordinal0 [0x0063C658+837208]
	Ordinal0 [0x0065C773+968563]
	Ordinal0 [0x0065837A+951162]
	Ordinal0 [0x00655C51+941137]
	Ordinal0 [0x00688C80+1150080]
	Ordinal0 [0x006888DA+1149146]
	Ordinal0 [0x00683F66+1130342]
	Ordinal0 [0x0065E546+976198]
	Ordinal0 [0x0065F456+980054]
	GetHandleVerifier [0x00969632+1727522]
	GetHandleVerifier [0x00A1BA4D+2457661]
	GetHandleVerifier [0x0084EB81+569713]
	GetHandleVerifier [0x0084DD76+566118]
	Ordinal0 [0x00750B2B+1968939]
	Ordinal0 [0x00755988+1989000]
	Ordinal0 [0x00755A75+1989237]
	Ordinal0 [0x0075ECB1+2026673]
	BaseThreadInitThunk [0x753C6739+25]
	RtlGetFullPathName_UEx [0x77268FEF+1215]
	RtlGetFullPathName_UEx [0x77268FBD+1165]

	at org.openqa.selenium.remote.W3CHandshakeResponse.lambda$errorHandler$0(W3CHandshakeResponse.java:62)
	at org.openqa.selenium.remote.HandshakeResponse.lambda$getResponseFunction$0(HandshakeResponse.java:30)
	at org.openqa.selenium.remote.ProtocolHandshake.lambda$createSession$0(ProtocolHandshake.java:126)
	at java.base/java.util.stream.ReferencePipeline$3$1.accept(ReferencePipeline.java:195)
	at java.base/java.util.Spliterators$ArraySpliterator.tryAdvance(Spliterators.java:958)
	at java.base/java.util.stream.ReferencePipeline.forEachWithCancel(ReferencePipeline.java:127)
	at java.base/java.util.stream.AbstractPipeline.copyIntoWithCancel(AbstractPipeline.java:502)
	at java.base/java.util.stream.AbstractPipeline.copyInto(AbstractPipeline.java:488)
	at java.base/java.util.stream.AbstractPipeline.wrapAndCopyInto(AbstractPipeline.java:474)
	at java.base/java.util.stream.FindOps$FindOp.evaluateSequential(FindOps.java:150)
	at java.base/java.util.stream.AbstractPipeline.evaluate(AbstractPipeline.java:234)
	at java.base/java.util.stream.ReferencePipeline.findFirst(ReferencePipeline.java:543)
	at org.openqa.selenium.remote.ProtocolHandshake.createSession(ProtocolHandshake.java:128)
	at org.openqa.selenium.remote.ProtocolHandshake.createSession(ProtocolHandshake.java:74)
	at org.openqa.selenium.remote.HttpCommandExecutor.execute(HttpCommandExecutor.java:136)
	at org.openqa.selenium.remote.service.DriverCommandExecutor.execute(DriverCommandExecutor.java:83)
	at org.openqa.selenium.remote.RemoteWebDriver.execute(RemoteWebDriver.java:552)
	at org.openqa.selenium.remote.RemoteWebDriver.startSession(RemoteWebDriver.java:213)
	at org.openqa.selenium.remote.RemoteWebDriver.<init>(RemoteWebDriver.java:131)
	at org.openqa.selenium.chrome.ChromeDriver.<init>(ChromeDriver.java:181)
	at org.openqa.selenium.chrome.ChromeDriver.<init>(ChromeDriver.java:168)
	at org.openqa.selenium.chrome.ChromeDriver.<init>(ChromeDriver.java:123)
	at listeners.TestNGListenerDemo.test2(TestNGListenerDemo.java:26)
... Removed 29 stack frames]]>
    </failure>
  </testcase> <!-- test2 -->
  <testcase classname="listeners.TestNGListenerDemo" name="test3" time="0.001">
    <skipped/>
  </testcase> <!-- test3 -->
  <testcase classname="listeners.TestNGListenerDemo2" name="test4" time="0.001"/>
  <testcase classname="listeners.TestNGListenerDemo2" name="test5" time="0.001"/>
  <testcase classname="listeners.TestNGListenerDemo2" name="test6" time="0.001">
    <skipped/>
  </testcase> <!-- test6 -->
</testsuite> <!-- Test -->
